app/build/intermediates/manifest_merge_blame_file/debug/manifest-merger-blame-debug-report.txt
1<?xml version="1.0" encoding="utf-8"?>
2<manifest xmlns:android="http://schemas.android.com/apk/res/android"
3    package="com.iua.proyecto_integrador"
4    android:versionCode="1"
5    android:versionName="1.0" >
6
7    <uses-sdk
8        android:minSdkVersion="23"
8-->src\main\AndroidManifest.xml
9        android:targetSdkVersion="32" />
9-->src\main\AndroidManifest.xml
10
11    <uses-permission android:name="android.permission.INTERNET" />
11-->src\main\AndroidManifest.xml:5:5-67
11-->src\main\AndroidManifest.xml:5:22-64
12    <uses-permission android:name="android.permission.ACCESS_NETWORK_STATE" />
12-->src\main\AndroidManifest.xml:6:5-79
12-->src\main\AndroidManifest.xml:6:22-76
13
14    <application
14-->src\main\AndroidManifest.xml:8:5-82:19
15        android:allowBackup="true"
15-->src\main\AndroidManifest.xml:9:9-35
16        android:appComponentFactory="androidx.core.app.CoreComponentFactory"
16-->[androidx.core:core:1.8.0] AndroidManifest.xml:24:18-86
17        android:dataExtractionRules="@xml/data_extraction_rules"
17-->src\main\AndroidManifest.xml:10:9-65
18        android:debuggable="true"
19        android:extractNativeLibs="false"
20        android:fullBackupContent="@xml/backup_rules"
20-->src\main\AndroidManifest.xml:11:9-54
21        android:icon="@mipmap/ic_launcher"
21-->src\main\AndroidManifest.xml:12:9-43
22        android:label="@string/app_name"
22-->src\main\AndroidManifest.xml:13:9-41
23        android:roundIcon="@mipmap/ic_launcher_round"
23-->src\main\AndroidManifest.xml:14:9-54
24        android:supportsRtl="true"
24-->src\main\AndroidManifest.xml:15:9-35
25        android:testOnly="true"
26        android:theme="@style/Theme.Proyecto_integrador" >
26-->src\main\AndroidManifest.xml:16:9-57
27        <activity
27-->src\main\AndroidManifest.xml:19:9-25:20
28            android:name="com.iua.proyecto_integrador.activity.OlvidoContraseniaActivity"
28-->src\main\AndroidManifest.xml:20:13-63
29            android:exported="false" >
29-->src\main\AndroidManifest.xml:21:13-37
30            <meta-data
30-->src\main\AndroidManifest.xml:22:13-24:36
31                android:name="android.app.lib_name"
31-->src\main\AndroidManifest.xml:23:17-52
32                android:value="" />
32-->src\main\AndroidManifest.xml:24:17-33
33        </activity>
34        <activity
34-->src\main\AndroidManifest.xml:26:9-39:20
35            android:name="com.iua.proyecto_integrador.activity.SplashActivity"
35-->src\main\AndroidManifest.xml:27:13-52
36            android:exported="true"
36-->src\main\AndroidManifest.xml:28:13-36
37            android:theme="@style/SplashScreen" >
37-->src\main\AndroidManifest.xml:29:13-48
38            <meta-data
38-->src\main\AndroidManifest.xml:22:13-24:36
39                android:name="android.app.lib_name"
39-->src\main\AndroidManifest.xml:23:17-52
40                android:value="" />
40-->src\main\AndroidManifest.xml:24:17-33
41
42            <intent-filter>
42-->src\main\AndroidManifest.xml:34:13-38:29
43                <action android:name="android.intent.action.MAIN" />
43-->src\main\AndroidManifest.xml:35:17-69
43-->src\main\AndroidManifest.xml:35:25-66
44
45                <category android:name="android.intent.category.LAUNCHER" />
45-->src\main\AndroidManifest.xml:37:17-77
45-->src\main\AndroidManifest.xml:37:27-74
46            </intent-filter>
47        </activity>
48        <activity
48-->src\main\AndroidManifest.xml:40:9-46:20
49            android:name="com.iua.proyecto_integrador.activity.HistorialActivity"
49-->src\main\AndroidManifest.xml:41:13-55
50            android:exported="false" >
50-->src\main\AndroidManifest.xml:42:13-37
51            <meta-data
51-->src\main\AndroidManifest.xml:22:13-24:36
52                android:name="android.app.lib_name"
52-->src\main\AndroidManifest.xml:23:17-52
53                android:value="" />
53-->src\main\AndroidManifest.xml:24:17-33
54        </activity>
55        <activity
55-->src\main\AndroidManifest.xml:47:9-49:39
56            android:name="com.iua.proyecto_integrador.MainActivity"
56-->src\main\AndroidManifest.xml:48:13-41
57            android:exported="true" />
57-->src\main\AndroidManifest.xml:49:13-36
58        <activity
58-->src\main\AndroidManifest.xml:50:9-56:20
59            android:name="com.iua.proyecto_integrador.activity.ProductoCarritoActivity"
59-->src\main\AndroidManifest.xml:51:13-61
60            android:exported="false" >
60-->src\main\AndroidManifest.xml:52:13-37
61            <meta-data
61-->src\main\AndroidManifest.xml:22:13-24:36
62                android:name="android.app.lib_name"
62-->src\main\AndroidManifest.xml:23:17-52
63                android:value="" />
63-->src\main\AndroidManifest.xml:24:17-33
64        </activity>
65        <activity
65-->src\main\AndroidManifest.xml:57:9-63:20
66            android:name="com.iua.proyecto_integrador.activity.MainFragActivity"
66-->src\main\AndroidManifest.xml:58:13-54
67            android:exported="false" >
67-->src\main\AndroidManifest.xml:59:13-37
68            <meta-data
68-->src\main\AndroidManifest.xml:22:13-24:36
69                android:name="android.app.lib_name"
69-->src\main\AndroidManifest.xml:23:17-52
70                android:value="" />
70-->src\main\AndroidManifest.xml:24:17-33
71        </activity>
72        <activity
72-->src\main\AndroidManifest.xml:64:9-66:40
73            android:name="com.iua.proyecto_integrador.activity.ListadoProductoIndividualActivity"
73-->src\main\AndroidManifest.xml:65:13-71
74            android:exported="false" />
74-->src\main\AndroidManifest.xml:66:13-37
75        <activity
75-->src\main\AndroidManifest.xml:67:9-69:40
76            android:name="com.iua.proyecto_integrador.activity.CambiarContraseniaActivity"
76-->src\main\AndroidManifest.xml:68:13-64
77            android:exported="false" />
77-->src\main\AndroidManifest.xml:69:13-37
78        <activity
78-->src\main\AndroidManifest.xml:70:9-72:40
79            android:name="com.iua.proyecto_integrador.activity.LoginActivity"
79-->src\main\AndroidManifest.xml:71:13-51
80            android:exported="false" />
80-->src\main\AndroidManifest.xml:72:13-37
81        <activity
81-->src\main\AndroidManifest.xml:73:9-75:40
82            android:name="com.iua.proyecto_integrador.activity.PerfilSettingsActivity"
82-->src\main\AndroidManifest.xml:74:13-60
83            android:exported="false" />
83-->src\main\AndroidManifest.xml:75:13-37
84        <activity
84-->src\main\AndroidManifest.xml:76:9-78:40
85            android:name="com.iua.proyecto_integrador.activity.PerfilActivity"
85-->src\main\AndroidManifest.xml:77:13-52
86            android:exported="false" />
86-->src\main\AndroidManifest.xml:78:13-37
87        <activity
87-->src\main\AndroidManifest.xml:79:9-81:40
88            android:name="com.iua.proyecto_integrador.activity.RegisterActivity"
88-->src\main\AndroidManifest.xml:80:13-54
89            android:exported="false" />
89-->src\main\AndroidManifest.xml:81:13-37
90
91        <uses-library
91-->[androidx.window:window:1.0.0] AndroidManifest.xml:25:9-27:40
92            android:name="androidx.window.extensions"
92-->[androidx.window:window:1.0.0] AndroidManifest.xml:26:13-54
93            android:required="false" />
93-->[androidx.window:window:1.0.0] AndroidManifest.xml:27:13-37
94        <uses-library
94-->[androidx.window:window:1.0.0] AndroidManifest.xml:28:9-30:40
95            android:name="androidx.window.sidecar"
95-->[androidx.window:window:1.0.0] AndroidManifest.xml:29:13-51
96            android:required="false" />
96-->[androidx.window:window:1.0.0] AndroidManifest.xml:30:13-37
97
98        <provider
98-->[androidx.emoji2:emoji2:1.2.0] AndroidManifest.xml:24:9-32:20
99            android:name="androidx.startup.InitializationProvider"
99-->[androidx.emoji2:emoji2:1.2.0] AndroidManifest.xml:25:13-67
100            android:authorities="com.iua.proyecto_integrador.androidx-startup"
100-->[androidx.emoji2:emoji2:1.2.0] AndroidManifest.xml:26:13-68
101            android:exported="false" >
101-->[androidx.emoji2:emoji2:1.2.0] AndroidManifest.xml:27:13-37
102            <meta-data
102-->[androidx.emoji2:emoji2:1.2.0] AndroidManifest.xml:29:13-31:52
103                android:name="androidx.emoji2.text.EmojiCompatInitializer"
103-->[androidx.emoji2:emoji2:1.2.0] AndroidManifest.xml:30:17-75
104                android:value="androidx.startup" />
104-->[androidx.emoji2:emoji2:1.2.0] AndroidManifest.xml:31:17-49
105            <meta-data
105-->[androidx.lifecycle:lifecycle-process:2.4.1] AndroidManifest.xml:31:13-33:52
106                android:name="androidx.lifecycle.ProcessLifecycleInitializer"
106-->[androidx.lifecycle:lifecycle-process:2.4.1] AndroidManifest.xml:32:17-78
107                android:value="androidx.startup" />
107-->[androidx.lifecycle:lifecycle-process:2.4.1] AndroidManifest.xml:33:17-49
108        </provider>
109    </application>
110
111</manifest>